2021-06-04 10:05:06,146 INFO o.a.j.u.JMeterUtils: Setting Locale to en_EN
2021-06-04 10:05:06,173 INFO o.a.j.JMeter: Loading user properties from: /usr/local/Cellar/jmeter/5.4.1/libexec/bin/user.properties
2021-06-04 10:05:06,174 INFO o.a.j.JMeter: Loading system properties from: /usr/local/Cellar/jmeter/5.4.1/libexec/bin/system.properties
2021-06-04 10:05:06,181 INFO o.a.j.JMeter: Copyright (c) 1998-2021 The Apache Software Foundation
2021-06-04 10:05:06,181 INFO o.a.j.JMeter: Version 5.4.1
2021-06-04 10:05:06,182 INFO o.a.j.JMeter: java.version=16.0.1
2021-06-04 10:05:06,182 INFO o.a.j.JMeter: java.vm.name=OpenJDK 64-Bit Server VM
2021-06-04 10:05:06,182 INFO o.a.j.JMeter: os.name=Mac OS X
2021-06-04 10:05:06,182 INFO o.a.j.JMeter: os.arch=x86_64
2021-06-04 10:05:06,182 INFO o.a.j.JMeter: os.version=11.2.3
2021-06-04 10:05:06,182 INFO o.a.j.JMeter: file.encoding=UTF-8
2021-06-04 10:05:06,182 INFO o.a.j.JMeter: java.awt.headless=null
2021-06-04 10:05:06,182 INFO o.a.j.JMeter: Max memory     =1073741824
2021-06-04 10:05:06,182 INFO o.a.j.JMeter: Available Processors =8
2021-06-04 10:05:06,193 INFO o.a.j.JMeter: Default Locale=English (EN)
2021-06-04 10:05:06,193 INFO o.a.j.JMeter: JMeter  Locale=English (EN)
2021-06-04 10:05:06,193 INFO o.a.j.JMeter: JMeterHome=/usr/local/Cellar/jmeter/5.4.1/libexec
2021-06-04 10:05:06,194 INFO o.a.j.JMeter: user.dir  =/Users/shcode/project/playground/docker/jmeter
2021-06-04 10:05:06,194 INFO o.a.j.JMeter: PWD       =/Users/shcode/project/playground/docker/jmeter
2021-06-04 10:05:06,197 INFO o.a.j.JMeter: IP: 127.0.0.1 Name: Sulton-Hasanuddin.local FullName: localhost
2021-06-04 10:05:06,740 INFO o.a.j.JMeter: Setting LAF to: laf:javax.swing.plaf.metal.MetalLookAndFeel
2021-06-04 10:05:09,179 INFO o.a.j.JMeter: Loaded icon properties from org/apache/jmeter/images/icon.properties
2021-06-04 10:05:10,835 INFO o.j.r.JARSourceHTTP: Requesting https://jmeter-plugins.org/repo/?installID=mac_os_x-04003a34feeef77cf975c4d0f7eb5aba-gui
2021-06-04 10:05:13,318 INFO o.j.r.PluginManager: Plugins Status: [jpgc-dummy=0.4, jpgc-plugins-manager=1.6, bzm-random-csv=0.7, jmeter-core=5.4.1, jmeter-ftp=5.4.1, jmeter-http=5.4.1, jmeter-jdbc=5.4.1, jmeter-jms=5.4.1, jmeter-junit=5.4.1, jmeter-java=5.4.1, jmeter-ldap=5.4.1, jmeter-mail=5.4.1, jmeter-mongodb=5.4.1, jmeter-native=5.4.1, jmeter-tcp=5.4.1, jmeter-components=5.4.1]
2021-06-04 10:05:40,331 INFO o.a.j.s.FileServer: Default base='/Users/shcode/project/playground/docker/jmeter'
2021-06-04 10:05:40,335 INFO o.a.j.g.a.Load: Loading file: /Users/shcode/project/playground/docker/jmeter-tutorial/ErrorHandling.jmx
2021-06-04 10:05:40,335 INFO o.a.j.s.FileServer: Set new base='/Users/shcode/project/playground/docker/jmeter-tutorial'
2021-06-04 10:05:40,487 INFO o.a.j.s.SaveService: Testplan (JMX) version: 2.2. Testlog (JTL) version: 2.2
2021-06-04 10:05:40,494 INFO o.a.j.s.SaveService: Using SaveService properties version 5.0
2021-06-04 10:05:40,496 INFO o.a.j.s.SaveService: Using SaveService properties file encoding UTF-8
2021-06-04 10:05:40,497 INFO o.a.j.s.SaveService: Loading file: /Users/shcode/project/playground/docker/jmeter-tutorial/ErrorHandling.jmx
2021-06-04 10:05:40,616 INFO o.a.j.p.h.c.CookieManager: Settings: Delete null: true Check: true Allow variable: true Save: false Prefix: COOKIE_
2021-06-04 10:05:40,702 INFO o.a.j.s.SampleResult: Note: Sample TimeStamps are START times
2021-06-04 10:05:40,703 INFO o.a.j.s.SampleResult: sampleresult.default.encoding is set to ISO-8859-1
2021-06-04 10:05:40,703 INFO o.a.j.s.SampleResult: sampleresult.useNanoTime=true
2021-06-04 10:05:40,703 INFO o.a.j.s.SampleResult: sampleresult.nanoThreadSleep=5000
2021-06-04 10:05:40,854 INFO o.a.j.v.ViewResultsFullVisualizer: Add JavaFX to your Java installation if you want to use renderer: org.apache.jmeter.visualizers.RenderInBrowser
2021-06-04 10:05:40,898 INFO o.a.j.p.h.s.HTTPSamplerBase: Parser for text/html is org.apache.jmeter.protocol.http.parser.LagartoBasedHtmlParser
2021-06-04 10:05:40,898 INFO o.a.j.p.h.s.HTTPSamplerBase: Parser for application/xhtml+xml is org.apache.jmeter.protocol.http.parser.LagartoBasedHtmlParser
2021-06-04 10:05:40,898 INFO o.a.j.p.h.s.HTTPSamplerBase: Parser for application/xml is org.apache.jmeter.protocol.http.parser.LagartoBasedHtmlParser
2021-06-04 10:05:40,898 INFO o.a.j.p.h.s.HTTPSamplerBase: Parser for text/xml is org.apache.jmeter.protocol.http.parser.LagartoBasedHtmlParser
2021-06-04 10:05:40,898 INFO o.a.j.p.h.s.HTTPSamplerBase: Parser for text/vnd.wap.wml is org.apache.jmeter.protocol.http.parser.RegexpHTMLParser
2021-06-04 10:05:40,898 INFO o.a.j.p.h.s.HTTPSamplerBase: Parser for text/css is org.apache.jmeter.protocol.http.parser.CssParser
2021-06-04 10:05:41,257 INFO o.a.j.s.FileServer: Set new base='/Users/shcode/project/playground/docker/jmeter-tutorial'
